<?xml version="1.0" encoding="UTF-8"?>
<!-- Generated by org.testng.reporters.JUnitReportReporter -->
<testsuite skipped="0" hostname="DESKTOP-U2SB4I2" name="Home" tests="1" failures="0" timestamp="2022-05-28T11:11:50 IST" time="18.196" errors="0">
  <testcase name="homePagevalidation" time="18.196" classname="Home"/>
  <system-out/>
</testsuite> <!-- Home -->
